{
  "stats": {
    "suites": 1,
    "tests": 1,
    "passes": 1,
    "pending": 0,
    "failures": 0,
    "start": "2020-11-03T12:06:38.223Z",
    "end": "2020-11-03T12:06:38.262Z",
    "duration": 39,
    "testsRegistered": 1,
    "passPercent": 100,
    "pendingPercent": 0,
    "other": 0,
    "hasOther": false,
    "skipped": 0,
    "hasSkipped": false
  },
  "results": [
    {
      "uuid": "0ac2a1a6-2384-4810-abc2-1438c1a68f16",
      "title": "",
      "fullFile": "",
      "file": "",
      "beforeHooks": [],
      "afterHooks": [],
      "tests": [],
      "suites": [
        {
          "uuid": "c2b14061-7eef-4f86-b65f-d05c7d53e782",
          "title": "my test suite",
          "fullFile": "C:\\Users\\user285\\Desktop\\Application\\test\\test.js",
          "file": "\\test\\test.js",
          "beforeHooks": [],
          "afterHooks": [],
          "tests": [
            {
              "title": "fails majestically",
              "fullTitle": "my test suite fails majestically",
              "timedOut": false,
              "duration": 16,
              "state": "passed",
              "speed": "fast",
              "pass": true,
              "fail": false,
              "pending": false,
              "context": null,
              "code": "foo.should.be.a('string');\nfoo.should.equal('bar');\nfoo.should.have.length(3);\nbevarages.should.have.property('tea').with.length(3);",
              "err": {},
              "uuid": "8495b407-58c3-4ee5-96dd-5bd77b972052",
              "parentUUID": "c2b14061-7eef-4f86-b65f-d05c7d53e782",
              "isHook": false,
              "skipped": false
            }
          ],
          "suites": [],
          "passes": [
            "8495b407-58c3-4ee5-96dd-5bd77b972052"
          ],
          "failures": [],
          "pending": [],
          "skipped": [],
          "duration": 16,
          "root": false,
          "rootEmpty": false,
          "_timeout": 2000
        }
      ],
      "passes": [],
      "failures": [],
      "pending": [],
      "skipped": [],
      "duration": 0,
      "root": true,
      "rootEmpty": true,
      "_timeout": 2000
    }
  ],
  "meta": {
    "mocha": {
      "version": "8.2.1"
    },
    "mochawesome": {
      "options": {
        "quiet": false,
        "reportFilename": "mochawesome",
        "saveHtml": true,
        "saveJson": true,
        "consoleReporter": "spec",
        "useInlineDiffs": false,
        "code": true
      },
      "version": "6.2.1"
    },
    "marge": {
      "options": null,
      "version": "5.1.0"
    }
  }
}